proguard/seeds.txt
com.app.acoe.demo.R$anim: int slide_in_bottom
com.app.acoe.demo.R$anim: int slide_out_top
com.app.acoe.demo.R$attr: int centered
com.app.acoe.demo.R$attr: int clipPadding
com.app.acoe.demo.R$attr: int dividePadding
com.app.acoe.demo.R$attr: int dividerColor
com.app.acoe.demo.R$attr: int fadeDelay
com.app.acoe.demo.R$attr: int fadeLength
com.app.acoe.demo.R$attr: int fades
com.app.acoe.demo.R$attr: int fillColor
com.app.acoe.demo.R$attr: int footerColor
com.app.acoe.demo.R$attr: int footerIndicatorHeight
com.app.acoe.demo.R$attr: int footerIndicatorStyle
com.app.acoe.demo.R$attr: int footerIndicatorUnderlinePadding
com.app.acoe.demo.R$attr: int footerLineHeight
com.app.acoe.demo.R$attr: int footerPadding
com.app.acoe.demo.R$attr: int gapWidth
com.app.acoe.demo.R$attr: int indicatorColor
com.app.acoe.demo.R$attr: int indicatorHeight
com.app.acoe.demo.R$attr: int linePosition
com.app.acoe.demo.R$attr: int lineWidth
com.app.acoe.demo.R$attr: int pageColor
com.app.acoe.demo.R$attr: int radius
com.app.acoe.demo.R$attr: int scrollOffset
com.app.acoe.demo.R$attr: int selectedBold
com.app.acoe.demo.R$attr: int selectedColor
com.app.acoe.demo.R$attr: int shouldExpand
com.app.acoe.demo.R$attr: int snap
com.app.acoe.demo.R$attr: int strokeColor
com.app.acoe.demo.R$attr: int strokeWidth
com.app.acoe.demo.R$attr: int tabBackground
com.app.acoe.demo.R$attr: int tabPaddingLeftRight
com.app.acoe.demo.R$attr: int textAllCap
com.app.acoe.demo.R$attr: int titlePadding
com.app.acoe.demo.R$attr: int topPadding
com.app.acoe.demo.R$attr: int underlineColor
com.app.acoe.demo.R$bool: int default_circle_indicator_centered
com.app.acoe.demo.R$bool: int default_circle_indicator_snap
com.app.acoe.demo.R$bool: int default_line_indicator_centered
com.app.acoe.demo.R$bool: int default_title_indicator_selected_bold
com.app.acoe.demo.R$bool: int default_underline_indicator_fades
com.app.acoe.demo.R$color: int background_tab_pressed
com.app.acoe.demo.R$color: int blue_color
com.app.acoe.demo.R$color: int blue_disable_color
com.app.acoe.demo.R$color: int blue_pressed_color
com.app.acoe.demo.R$color: int default_circle_indicator_fill_color
com.app.acoe.demo.R$color: int default_circle_indicator_page_color
com.app.acoe.demo.R$color: int default_circle_indicator_stroke_color
com.app.acoe.demo.R$color: int default_line_indicator_selected_color
com.app.acoe.demo.R$color: int default_line_indicator_unselected_color
com.app.acoe.demo.R$color: int default_title_indicator_footer_color
com.app.acoe.demo.R$color: int default_title_indicator_selected_color
com.app.acoe.demo.R$color: int default_title_indicator_text_color
com.app.acoe.demo.R$color: int default_underline_indicator_selected_color
com.app.acoe.demo.R$color: int line_color
com.app.acoe.demo.R$color: int main_bg_color
com.app.acoe.demo.R$color: int normal_gray_color
com.app.acoe.demo.R$color: int normal_text_color
com.app.acoe.demo.R$color: int normal_text_pressed_color
com.app.acoe.demo.R$color: int popup_bg_color
com.app.acoe.demo.R$color: int vpi__background_holo_dark
com.app.acoe.demo.R$color: int vpi__background_holo_light
com.app.acoe.demo.R$color: int vpi__bright_foreground_disabled_holo_dark
com.app.acoe.demo.R$color: int vpi__bright_foreground_disabled_holo_light
com.app.acoe.demo.R$color: int vpi__bright_foreground_holo_dark
com.app.acoe.demo.R$color: int vpi__bright_foreground_holo_light
...
com.baidu.mapapi.search.route.DrivingRoutePlanOption$DrivingPolicy
com.baidu.mapapi.search.route.DrivingRoutePlanOption$DrivingPolicy: com.baidu.mapapi.search.route.DrivingRoutePlanOption$DrivingPolicy ECAR_AVOID_JAM
com.baidu.mapapi.search.route.DrivingRoutePlanOption$DrivingPolicy: com.baidu.mapapi.search.route.DrivingRoutePlanOption$DrivingPolicy ECAR_TIME_FIRST
com.baidu.mapapi.search.route.DrivingRoutePlanOption$DrivingPolicy: com.baidu.mapapi.search.route.DrivingRoutePlanOption$DrivingPolicy ECAR_DIS_FIRST
com.baidu.mapapi.search.route.DrivingRoutePlanOption$DrivingPolicy: com.baidu.mapapi.search.route.DrivingRoutePlanOption$DrivingPolicy ECAR_FEE_FIRST
com.baidu.mapapi.search.route.DrivingRoutePlanOption$DrivingPolicy: int a
com.baidu.mapapi.search.route.DrivingRoutePlanOption$DrivingPolicy: com.baidu.mapapi.search.route.DrivingRoutePlanOption$DrivingPolicy[] b
com.baidu.mapapi.search.route.DrivingRoutePlanOption$DrivingPolicy: com.baidu.mapapi.search.route.DrivingRoutePlanOption$DrivingPolicy[] values()
com.baidu.mapapi.search.route.DrivingRoutePlanOption$DrivingPolicy: com.baidu.mapapi.search.route.DrivingRoutePlanOption$DrivingPolicy valueOf(java.lang.String)
com.baidu.mapapi.search.route.DrivingRoutePlanOption$DrivingPolicy: DrivingRoutePlanOption$DrivingPolicy(java.lang.String,int,int)
com.baidu.mapapi.search.route.DrivingRoutePlanOption$DrivingPolicy: int getInt()
com.baidu.mapapi.search.route.DrivingRoutePlanOption$DrivingPolicy: void <clinit>()
com.baidu.mapapi.search.route.DrivingRoutePlanOption$DrivingTrafficPolicy
com.baidu.mapapi.search.route.DrivingRoutePlanOption$DrivingTrafficPolicy: com.baidu.mapapi.search.route.DrivingRoutePlanOption$DrivingTrafficPolicy ROUTE_PATH
com.baidu.mapapi.search.route.DrivingRoutePlanOption$DrivingTrafficPolicy: com.baidu.mapapi.search.route.DrivingRoutePlanOption$DrivingTrafficPolicy ROUTE_PATH_AND_TRAFFIC
com.baidu.mapapi.search.route.DrivingRoutePlanOption$DrivingTrafficPolicy: int a
com.baidu.mapapi.search.route.DrivingRoutePlanOption$DrivingTrafficPolicy: com.baidu.mapapi.search.route.DrivingRoutePlanOption$DrivingTrafficPolicy[] b
com.baidu.mapapi.search.route.DrivingRoutePlanOption$DrivingTrafficPolicy: com.baidu.mapapi.search.route.DrivingRoutePlanOption$DrivingTrafficPolicy[] values()
com.baidu.mapapi.search.route.DrivingRoutePlanOption$DrivingTrafficPolicy: com.baidu.mapapi.search.route.DrivingRoutePlanOption$DrivingTrafficPolicy valueOf(java.lang.String)
com.baidu.mapapi.search.route.DrivingRoutePlanOption$DrivingTrafficPolicy: DrivingRoutePlanOption$DrivingTrafficPolicy(java.lang.String,int,int)
com.baidu.mapapi.search.route.DrivingRoutePlanOption$DrivingTrafficPolicy: int getInt()
com.baidu.mapapi.search.route.DrivingRoutePlanOption$DrivingTrafficPolicy: void <clinit>()