proguard/mapping.txt
com.app.acoe.demo.R -> com.app.acoe.demo.a:
com.app.acoe.demo.R$styleable -> com.app.acoe.demo.b:
    int[] CirclePageIndicator -> CirclePageIndicator
    int CirclePageIndicator_android_background -> CirclePageIndicator_android_background
    int CirclePageIndicator_android_orientation -> CirclePageIndicator_android_orientation
    int CirclePageIndicator_centered -> CirclePageIndicator_centered
    int CirclePageIndicator_fillColor -> CirclePageIndicator_fillColor
    int CirclePageIndicator_pageColor -> CirclePageIndicator_pageColor
    int CirclePageIndicator_radius -> CirclePageIndicator_radius
    int CirclePageIndicator_snap -> CirclePageIndicator_snap
    int CirclePageIndicator_strokeColor -> CirclePageIndicator_strokeColor
    int CirclePageIndicator_strokeWidth -> CirclePageIndicator_strokeWidth
    int[] LinePageIndicator -> LinePageIndicator
    int LinePageIndicator_android_background -> LinePageIndicator_android_background
    int LinePageIndicator_centered -> LinePageIndicator_centered
    int LinePageIndicator_gapWidth -> LinePageIndicator_gapWidth
    int LinePageIndicator_lineWidth -> LinePageIndicator_lineWidth
    int LinePageIndicator_selectedColor -> LinePageIndicator_selectedColor
    int LinePageIndicator_strokeWidth -> LinePageIndicator_strokeWidth
    int LinePageIndicator_unselectedColor -> LinePageIndicator_unselectedColor
    int[] PagerSlidingTabStrip -> PagerSlidingTabStrip
    int PagerSlidingTabStrip_dividePadding -> PagerSlidingTabStrip_dividePadding
com.app.acoe.demo.activity.BaiduMapActivity -> com.app.acoe.demo.activity.BaiduMapActivity:
    android.widget.TextView txtTitle -> a
    android.widget.Button btn1 -> b
    android.widget.Button btn2 -> c
    android.widget.Button btn3 -> d
    android.widget.Button btn4 -> e
    android.widget.Button btn5 -> f
    android.widget.Button[] btns -> g
    int[] ids -> h
    30:34:void onCreate(android.os.Bundle) -> onCreate
    41:48:void initUI() -> a
    52:70:void onClick(android.view.View) -> onClick
com.app.acoe.demo.activity.DemoMainActivity -> com.app.acoe.demo.activity.DemoMainActivity:
    android.widget.TextView txtTitle -> a
    android.widget.ListView listView -> b
    com.app.acoe.demo.adapter.DemoListAdapter adapter -> c
    java.util.ArrayList datas -> d
    java.util.ArrayList intents -> e
    android.widget.AdapterView$OnItemClickListener itemClickListener -> f
    27:31:void onCreate(android.os.Bundle) -> onCreate
    38:47:void initUI() -> a
    53:85:void initData() -> b
    23:23:java.util.ArrayList access$0(com.app.acoe.demo.activity.DemoMainActivity) -> a
com.app.acoe.demo.activity.DemoMainActivity$1 -> com.app.acoe.demo.activity.a:
    com.app.acoe.demo.activity.DemoMainActivity this$0 -> a
    91:92:void onItemClick(android.widget.AdapterView,android.view.View,int,long) -> onItemClick
...
android.support.v4.view.ViewConfigurationCompat -> android.support.v4.view.as:
    android.support.v4.view.ViewConfigurationCompat$ViewConfigurationVersionImpl IMPL -> a
    73:73:int getScaledPagingTouchSlop(android.view.ViewConfiguration) -> a
android.support.v4.view.ViewConfigurationCompat$BaseViewConfigurationVersionImpl -> android.support.v4.view.at:
    39:39:int getScaledPagingTouchSlop(android.view.ViewConfiguration) -> a
android.support.v4.view.ViewConfigurationCompat$FroyoViewConfigurationVersionImpl -> android.support.v4.view.au:
    49:49:int getScaledPagingTouchSlop(android.view.ViewConfiguration) -> a
android.support.v4.view.ViewConfigurationCompat$ViewConfigurationVersionImpl -> android.support.v4.view.av:
    int getScaledPagingTouchSlop(android.view.ViewConfiguration) -> a
android.support.v4.view.ViewConfigurationCompatFroyo -> android.support.v4.view.aw:
    26:26:int getScaledPagingTouchSlop(android.view.ViewConfiguration) -> a
android.support.v4.view.ViewPager -> android.support.v4.view.ViewPager:
    int[] LAYOUT_ATTRS -> a
    int mExpectedAdapterCount -> b
    java.util.Comparator COMPARATOR -> c
    android.view.animation.Interpolator sInterpolator -> d
    java.util.ArrayList mItems -> e
    android.support.v4.view.ViewPager$ItemInfo mTempItem -> f
    android.graphics.Rect mTempRect -> g
    android.support.v4.view.PagerAdapter mAdapter -> h
    int mCurItem -> i
    int mRestoredCurItem -> j
    android.os.Parcelable mRestoredAdapterState -> k
    java.lang.ClassLoader mRestoredClassLoader -> l
    android.widget.Scroller mScroller -> m
    android.support.v4.view.ViewPager$PagerObserver mObserver -> n
    int mPageMargin -> o
    android.graphics.drawable.Drawable mMarginDrawable -> p
    int mTopPageBounds -> q
    int mBottomPageBounds -> r
    float mFirstOffset -> s
    float mLastOffset -> t
    int mChildWidthMeasureSpec -> u
    int mChildHeightMeasureSpec -> v
    boolean mInLayout -> w
    boolean mScrollingCacheEnabled -> x
    boolean mPopulatePending -> y
    int mOffscreenPageLimit -> z
    boolean mIsBeingDragged -> A
    boolean mIsUnableToDrag -> B
    int mDefaultGutterSize -> C
    int mGutterSize -> D
    int mTouchSlop -> E
    float mLastMotionX -> F
    float mLastMotionY -> G
    float mInitialMotionX -> H
    float mInitialMotionY -> I
    int mActivePointerId -> J
    android.view.VelocityTracker mVelocityTracker -> K
    int mMinimumVelocity -> L
android.support.v4.view.ViewPager$1 -> android.support.v4.view.ax:
    124:124:int compare(android.support.v4.view.ViewPager$ItemInfo,android.support.v4.view.ViewPager$ItemInfo) -> a
    121:121:int compare(java.lang.Object,java.lang.Object) -> compare
android.support.v4.view.ViewPager$2 -> android.support.v4.view.ay:
    130:131:float getInterpolation(float) -> getInterpolation
android.support.v4.view.ViewPager$3 -> android.support.v4.view.az:
    android.support.v4.view.ViewPager this$0 -> a
    248:250:void run() -> run
android.support.v4.view.ViewPager$Decor -> android.support.v4.view.ba:
android.support.v4.view.ViewPager$ItemInfo -> android.support.v4.view.bb:
    java.lang.Object object -> a
    int position -> b
    boolean scrolling -> c
    float widthFactor -> d
    float offset -> e
android.support.v4.view.ViewPager$LayoutParams -> android.support.v4.view.bc:
    boolean isDecor -> a
    int gravity -> b
    float widthFactor -> c
    boolean needsMeasure -> d
    int position -> e
    int childIndex -> f