proguard/usage.txt
com.app.acoe.demo.BuildConfig
com.app.acoe.demo.R:
    10:10:public R()
com.app.acoe.demo.R$anim
com.app.acoe.demo.R$attr
com.app.acoe.demo.R$bool
com.app.acoe.demo.R$color
com.app.acoe.demo.R$dimen
com.app.acoe.demo.R$drawable
com.app.acoe.demo.R$id
com.app.acoe.demo.R$integer
com.app.acoe.demo.R$layout
com.app.acoe.demo.R$string
com.app.acoe.demo.R$style
com.app.acoe.demo.R$styleable:
    716:716:public R$styleable()
com.app.acoe.demo.activity.MainActivity
com.app.acoe.demo.activity.MainActivity$1
com.app.acoe.demo.activity.MainActivity$MyPagerAdapter
com.app.acoe.demo.common.ExtAudioRecorder:
    public static final boolean RECORDING_UNCOMPRESSED
    public static final boolean RECORDING_COMPRESSED
    private static final int TIMER_INTERVAL
    114:115:public void setState(com.app.acoe.demo.common.ExtAudioRecorder$State)
    268:281:public int getMaxAmplitude()
    418:439:public void reset()
com.app.acoe.demo.fragment.SuperAwesomeCardFragment
com.app.acoe.demo.fragment.SuperAwesomeCardFragment$1
com.app.acoe.demo.fragment.SuperAwesomeCardFragment$2
com.app.acoe.demo.shared.SharedConstants
com.app.acoe.demo.shared.SharedUtil:
    22:22:public java.lang.String getValue(java.lang.String)
com.app.acoe.demo.view.LableView
com.app.acoe.demo.view.LableView$1
com.app.acoe.demo.view.LableView$2
com.app.acoe.demo.view.LableView$3
com.app.acoe.demo.view.LableView$4
com.app.acoe.demo.view.LableView$5
com.app.acoe.demo.view.LableView$6
com.app.acoe.demo.view.LableView$LableChangedListener
com.app.acoe.demo.view.PagerSlidingTabStrip:
    518:518:public boolean isTextAllCaps()
    549:552:public void setTypeface(android.graphics.Typeface,int)
com.app.acoe.demo.view.RecordButton:
    private static final int MIN_INTERVAL_TIME
    public static final int MAX_TIME
com.app.acoe.demo.view.RecordButton$CountDown
com.app.acoe.demo.view.RecordButton$ObtainDecibelThread:
    284:286:private RecordButton$ObtainDecibelThread(com.app.acoe.demo.view.RecordButton)
...
android.support.v4.widget.CursorAdapter$MyDataSetObserver
android.support.v4.widget.CursorFilter
android.support.v4.widget.CursorFilter$CursorFilterClient
android.support.v4.widget.DrawerLayout
android.support.v4.widget.DrawerLayout$AccessibilityDelegate
android.support.v4.widget.DrawerLayout$ChildAccessibilityDelegate
android.support.v4.widget.DrawerLayout$DrawerListener
android.support.v4.widget.DrawerLayout$EdgeGravity
android.support.v4.widget.DrawerLayout$LayoutParams
android.support.v4.widget.DrawerLayout$LockMode
android.support.v4.widget.DrawerLayout$SavedState
android.support.v4.widget.DrawerLayout$SavedState$1
android.support.v4.widget.DrawerLayout$SimpleDrawerListener
android.support.v4.widget.DrawerLayout$State
android.support.v4.widget.DrawerLayout$ViewDragCallback
android.support.v4.widget.DrawerLayout$ViewDragCallback$1
android.support.v4.widget.EdgeEffectCompat:
    204:204:public boolean onAbsorb(int)
android.support.v4.widget.EdgeEffectCompat$BaseEdgeEffectImpl:
    82:82:public boolean onAbsorb(java.lang.Object,int)
android.support.v4.widget.EdgeEffectCompat$EdgeEffectIcsImpl:
    116:116:public boolean onAbsorb(java.lang.Object,int)
android.support.v4.widget.EdgeEffectCompat$EdgeEffectImpl:
    public abstract boolean onAbsorb(java.lang.Object,int)
android.support.v4.widget.EdgeEffectCompatIcs:
    28:28:EdgeEffectCompatIcs()
    57:58:public static boolean onAbsorb(java.lang.Object,int)
android.support.v4.widget.ExploreByTouchHelper
android.support.v4.widget.ExploreByTouchHelper$1
android.support.v4.widget.ExploreByTouchHelper$ExploreByTouchNodeProvider
android.support.v4.widget.ListPopupWindowCompat
android.support.v4.widget.ListPopupWindowCompat$BaseListPopupWindowImpl
android.support.v4.widget.ListPopupWindowCompat$KitKatListPopupWindowImpl
android.support.v4.widget.ListPopupWindowCompat$ListPopupWindowImpl
android.support.v4.widget.ListPopupWindowCompatKitKat
android.support.v4.widget.ListViewAutoScrollHelper
android.support.v4.widget.PopupMenuCompat
android.support.v4.widget.PopupMenuCompat$BasePopupMenuImpl
android.support.v4.widget.PopupMenuCompat$KitKatPopupMenuImpl
android.support.v4.widget.PopupMenuCompat$PopupMenuImpl
android.support.v4.widget.PopupMenuCompatKitKat
android.support.v4.widget.ResourceCursorAdapter
android.support.v4.widget.ScrollerCompat
android.support.v4.widget.ScrollerCompat$ScrollerCompatImpl
android.support.v4.widget.ScrollerCompat$ScrollerCompatImplBase
android.support.v4.widget.ScrollerCompat$ScrollerCompatImplGingerbread
android.support.v4.widget.ScrollerCompat$ScrollerCompatImplIcs
android.support.v4.widget.ScrollerCompatGingerbread
android.support.v4.widget.ScrollerCompatIcs
android.support.v4.widget.SearchViewCompat
android.support.v4.widget.SearchViewCompat$OnCloseListenerCompat
android.support.v4.widget.SearchViewCompat$OnQueryTextListenerCompat
android.support.v4.widget.SearchViewCompat$SearchViewCompatHoneycombImpl
android.support.v4.widget.SearchViewCompat$SearchViewCompatHoneycombImpl$1
android.support.v4.widget.SearchViewCompat$SearchViewCompatHoneycombImpl$2
android.support.v4.widget.SearchViewCompat$SearchViewCompatIcsImpl
android.support.v4.widget.SearchViewCompat$SearchViewCompatImpl
android.support.v4.widget.SearchViewCompat$SearchViewCompatStubImpl
android.support.v4.widget.SearchViewCompatHoneycomb
android.support.v4.widget.SearchViewCompatHoneycomb$1
android.support.v4.widget.SearchViewCompatHoneycomb$2
android.support.v4.widget.SearchViewCompatHoneycomb$OnCloseListenerCompatBridge
android.support.v4.widget.SearchViewCompatHoneycomb$OnQueryTextListenerCompatBridge
android.support.v4.widget.SearchViewCompatIcs
android.support.v4.widget.SearchViewCompatIcs$MySearchView
android.support.v4.widget.SimpleCursorAdapter
android.support.v4.widget.SimpleCursorAdapter$CursorToStringConverter
android.support.v4.widget.SimpleCursorAdapter$ViewBinder
android.support.v4.widget.SlidingPaneLayout
android.support.v4.widget.SlidingPaneLayout$1